<?xml version="1.0" encoding="UTF-8"?>
<testng-results ignored="0" total="1" passed="1" failed="0" skipped="0">
  <reporter-output>
  </reporter-output>
  <suite started-at="2023-03-25T22:52:27 IST" name="Default suite" finished-at="2023-03-25T22:52:37 IST" duration-ms="10203">
    <groups>
    </groups>
    <test started-at="2023-03-25T22:52:27 IST" name="Default test" finished-at="2023-03-25T22:52:37 IST" duration-ms="10203">
      <class name="BrowserMobProxyExample">
        <test-method signature="browserMobProxyTest()[pri:0, instance:BrowserMobProxyExample@795509d9]" started-at="2023-03-25T22:52:27 IST" name="browserMobProxyTest" finished-at="2023-03-25T22:52:37 IST" duration-ms="10172" status="PASS">
          <reporter-output>
          </reporter-output>
        </test-method> <!-- browserMobProxyTest -->
      </class> <!-- BrowserMobProxyExample -->
    </test> <!-- Default test -->
  </suite> <!-- Default suite -->
</testng-results>
